


ARM Macro Assembler    Page 1 


    1 00000000         ;/******************** (C) COPYRIGHT 2010 Embest Info&Te
                       ch Co.,LTD. **********
    2 00000000         ;* Œƒº˛√˚: startup_LPC11xx.s
    3 00000000         ;* ◊˜’ﬂ  : Wuhan R&D Center, Embest
    4 00000000         ;* »’∆⁄  : 01/18/2010
    5 00000000         ;* √Ë ˆ  : CMSIS Cortex-M0∫ÀÕ‚Œß∑√Œ ≤„‘¥Œƒº˛£¨”√”⁄NXP LP
                       C11xxœµ¡–…Ë±∏
    6 00000000         ;*******************************************************
                       **********************
    7 00000000         ;*******************************************************
                       **********************
    8 00000000         ;* ¿˙ ∑:
    9 00000000         ;* 01/18/2010   : V1.0     ≥ı º∞Ê±æ
   10 00000000         ;*******************************************************
                       **********************/
   11 00000000         ; *------- <<< Use Configuration Wizard in Context Menu 
                       >>> ------------------
   12 00000000         
   13 00000000         
   14 00000000         ; <h> ’ª≈‰÷√
   15 00000000         ;   <o> ’ª¥Û–° (◊÷Ω⁄) <0x0-0xFFFFFFFF:8>
   16 00000000         ; </h>
   17 00000000         
   18 00000000 00000200 
                       Stack_Size
                               EQU              0x00000200
   19 00000000         
   20 00000000                 AREA             STACK, NOINIT, READWRITE, ALIGN
=3
   21 00000000         Stack_Mem
                               SPACE            Stack_Size
   22 00000200         __initial_sp
   23 00000200         
   24 00000200         
   25 00000200         ; <h> ∂—≈‰÷√
   26 00000200         ;   <o>  ∂—¥Û–° (◊÷Ω⁄) <0x0-0xFFFFFFFF:8>
   27 00000200         ; </h>
   28 00000200         
   29 00000200 00000000 
                       Heap_Size
                               EQU              0x00000000
   30 00000200         
   31 00000200                 AREA             HEAP, NOINIT, READWRITE, ALIGN=
3
   32 00000000         __heap_base
   33 00000000         Heap_Mem
                               SPACE            Heap_Size
   34 00000000         __heap_limit
   35 00000000         
   36 00000000         
   37 00000000                 PRESERVE8
   38 00000000                 THUMB
   39 00000000         
   40 00000000         
   41 00000000         ; Vector Table Mapped to Address 0 at Reset
   42 00000000         
   43 00000000                 AREA             RESET, DATA, READONLY
   44 00000000                 EXPORT           __Vectors
   45 00000000         



ARM Macro Assembler    Page 2 


   46 00000000 00000000 
                       __Vectors
                               DCD              __initial_sp ; ’ª∂•
   47 00000004 00000000        DCD              Reset_Handler ; ∏¥Œª¥¶¿Ì≥Ã–Ú
   48 00000008 00000000        DCD              NMI_Handler ; NMI¥¶¿Ì≥Ã–Ú
   49 0000000C 00000000        DCD              HardFault_Handler 
                                                            ; ”≤π ’œ¥¶¿Ì≥Ã–Ú
   50 00000010 00000000        DCD              MemManage_Handler ; MPUπ ’œ¥¶¿Ì
                                                            
   51 00000014 00000000        DCD              BusFault_Handler ; ◊‹œﬂπ ’œ¥¶¿Ì
                                                            
   52 00000018 00000000        DCD              UsageFault_Handler 
                                                            ; ”√∑®π ’œ¥¶¿Ì
   53 0000001C 00000000        DCD              0           ; ±£¡Ù
   54 00000020 00000000        DCD              0           ; ±£¡Ù
   55 00000024 00000000        DCD              0           ; ±£¡Ù
   56 00000028 00000000        DCD              0           ; ±£¡Ù
   57 0000002C 00000000        DCD              SVC_Handler ; SVCall¥¶¿Ì∫Ø ˝
   58 00000030 00000000        DCD              DebugMon_Handler ; Debug Monito
                                                            r¥¶¿Ì≥Ã–Ú
   59 00000034 00000000        DCD              0           ; ±£¡Ù
   60 00000038 00000000        DCD              PendSV_Handler ; PendSV¥¶¿Ì∫Ø ˝
                                                            
   61 0000003C 00000000        DCD              SysTick_Handler ; SysTick÷–∂œ¥¶
                                                            ¿Ì∫Ø ˝
   62 00000040         
   63 00000040         ; Õ‚≤ø÷–∂œ
   64 00000040 00000000        DCD              WAKEUP_IRQHandler 
                                                            ; 15∏ˆªΩ–—‘¥£∫
   65 00000044 00000000        DCD              WAKEUP_IRQHandler ; I/O“˝Ω≈PIO0
                                                             (0:11)
   66 00000048 00000000        DCD              WAKEUP_IRQHandler ; À˘”–40“˝Ω≈í
                                                            l±ª“˝œÚISR         
                                                                          
   67 0000004C 00000000        DCD              WAKEUP_IRQHandler
   68 00000050 00000000        DCD              WAKEUP_IRQHandler
   69 00000054 00000000        DCD              WAKEUP_IRQHandler
   70 00000058 00000000        DCD              WAKEUP_IRQHandler
   71 0000005C 00000000        DCD              WAKEUP_IRQHandler
   72 00000060 00000000        DCD              WAKEUP_IRQHandler
   73 00000064 00000000        DCD              WAKEUP_IRQHandler
   74 00000068 00000000        DCD              WAKEUP_IRQHandler
   75 0000006C 00000000        DCD              WAKEUP_IRQHandler
   76 00000070 00000000        DCD              WAKEUP_IRQHandler ; PIO1 (0:11)
                                                            
   77 00000074 00000000        DCD              CAN_IRQHandler ; CAN           
                                                                 
   78 00000078 00000000        DCD              SSP1_IRQHandler ; SSP1         
                                                                  
   79 0000007C 00000000        DCD              I2C_IRQHandler ; I2C
   80 00000080 00000000        DCD              TIMER16_0_IRQHandler 
                                                            ; 16-bit Timer0
   81 00000084 00000000        DCD              TIMER16_1_IRQHandler 
                                                            ; 16-bit Timer1
   82 00000088 00000000        DCD              TIMER32_0_IRQHandler 
                                                            ; 32-bit Timer0
   83 0000008C 00000000        DCD              TIMER32_1_IRQHandler 
                                                            ; 32-bit Timer1
   84 00000090 00000000        DCD              SSP0_IRQHandler ; SSP0



ARM Macro Assembler    Page 3 


   85 00000094 00000000        DCD              UART_IRQHandler ; UART
   86 00000098 00000000        DCD              USB_IRQHandler ; USB IRQ
   87 0000009C 00000000        DCD              USB_FIQHandler ; USB FIQ
   88 000000A0 00000000        DCD              ADC_IRQHandler ; A/D Converter
   89 000000A4 00000000        DCD              WDT_IRQHandler ; Watchdog timer
                                                            
   90 000000A8 00000000        DCD              BOD_IRQHandler 
                                                            ; Brown Out Detect
   91 000000AC 00000000        DCD              FMC_IRQHandler ; IP2111 Flash M
                                                            emory Controller
   92 000000B0 00000000        DCD              PIOINT3_IRQHandler ; PIO INT3
   93 000000B4 00000000        DCD              PIOINT2_IRQHandler ; PIO INT2
   94 000000B8 00000000        DCD              PIOINT1_IRQHandler ; PIO INT1
   95 000000BC 00000000        DCD              PIOINT0_IRQHandler ; PIO INT0
   96 000000C0         
   97 000000C0         
   98 000000C0                 IF               :LNOT::DEF:NO_CRP
   99 000000C0                 AREA             |.ARM.__at_0x02FC|, CODE, READO
NLY
  100 00000000 FFFFFFFF 
                       CRP_Key DCD              0xFFFFFFFF
  101 00000004                 ENDIF
  102 00000004         
  103 00000004         
  104 00000004                 AREA             |.text|, CODE, READONLY
  105 00000000         
  106 00000000         
  107 00000000         ; ∏¥Œª¥¶¿Ì∫Ø ˝
  108 00000000         
  109 00000000         Reset_Handler
                               PROC
  110 00000000                 EXPORT           Reset_Handler             [WEAK
]
  111 00000000                 IMPORT           __main
  112 00000000 4805            LDR              R0, =__main
  113 00000002 4700            BX               R0
  114 00000004                 ENDP
  115 00000004         
  116 00000004         
  117 00000004         ; “Ï≥£¥¶¿Ì (Œﬁœﬁ—≠ª∑£¨ø…–ﬁ∏ƒ)                
  118 00000004         
  119 00000004         NMI_Handler
                               PROC
  120 00000004                 EXPORT           NMI_Handler               [WEAK
]
  121 00000004 E7FE            B                .
  122 00000006                 ENDP
  124 00000006         HardFault_Handler
                               PROC
  125 00000006                 EXPORT           HardFault_Handler         [WEAK
]
  126 00000006 E7FE            B                .
  127 00000008                 ENDP
  129 00000008         MemManage_Handler
                               PROC
  130 00000008                 EXPORT           MemManage_Handler         [WEAK
]
  131 00000008 E7FE            B                .
  132 0000000A                 ENDP



ARM Macro Assembler    Page 4 


  134 0000000A         BusFault_Handler
                               PROC
  135 0000000A                 EXPORT           BusFault_Handler          [WEAK
]
  136 0000000A E7FE            B                .
  137 0000000C                 ENDP
  139 0000000C         UsageFault_Handler
                               PROC
  140 0000000C                 EXPORT           UsageFault_Handler        [WEAK
]
  141 0000000C E7FE            B                .
  142 0000000E                 ENDP
  143 0000000E         SVC_Handler
                               PROC
  144 0000000E                 EXPORT           SVC_Handler               [WEAK
]
  145 0000000E E7FE            B                .
  146 00000010                 ENDP
  148 00000010         DebugMon_Handler
                               PROC
  149 00000010                 EXPORT           DebugMon_Handler          [WEAK
]
  150 00000010 E7FE            B                .
  151 00000012                 ENDP
  152 00000012         PendSV_Handler
                               PROC
  153 00000012                 EXPORT           PendSV_Handler            [WEAK
]
  154 00000012 E7FE            B                .
  155 00000014                 ENDP
  156 00000014         SysTick_Handler
                               PROC
  157 00000014                 EXPORT           SysTick_Handler           [WEAK
]
  158 00000014 E7FE            B                .
  159 00000016                 ENDP
  160 00000016         
  161 00000016         Default_Handler
                               PROC
  162 00000016         
  163 00000016                 EXPORT           WAKEUP_IRQHandler         [WEAK
]
  164 00000016                 EXPORT           CAN_IRQHandler            [WEAK
]
  165 00000016                 EXPORT           SSP1_IRQHandler           [WEAK
]
  166 00000016                 EXPORT           I2C_IRQHandler            [WEAK
]
  167 00000016                 EXPORT           TIMER16_0_IRQHandler      [WEAK
]
  168 00000016                 EXPORT           TIMER16_1_IRQHandler      [WEAK
]
  169 00000016                 EXPORT           TIMER32_0_IRQHandler      [WEAK
]
  170 00000016                 EXPORT           TIMER32_1_IRQHandler      [WEAK
]
  171 00000016                 EXPORT           SSP0_IRQHandler           [WEAK
]
  172 00000016                 EXPORT           UART_IRQHandler           [WEAK



ARM Macro Assembler    Page 5 


]
  173 00000016         
  174 00000016                 EXPORT           USB_IRQHandler            [WEAK
]
  175 00000016                 EXPORT           USB_FIQHandler            [WEAK
]
  176 00000016                 EXPORT           ADC_IRQHandler            [WEAK
]
  177 00000016                 EXPORT           WDT_IRQHandler            [WEAK
]
  178 00000016                 EXPORT           BOD_IRQHandler            [WEAK
]
  179 00000016                 EXPORT           FMC_IRQHandler            [WEAK
]
  180 00000016                 EXPORT           PIOINT3_IRQHandler        [WEAK
]
  181 00000016                 EXPORT           PIOINT2_IRQHandler        [WEAK
]
  182 00000016                 EXPORT           PIOINT1_IRQHandler        [WEAK
]
  183 00000016                 EXPORT           PIOINT0_IRQHandler        [WEAK
]
  184 00000016         
  185 00000016         
  186 00000016         WAKEUP_IRQHandler
  187 00000016         CAN_IRQHandler
  188 00000016         SSP1_IRQHandler
  189 00000016         I2C_IRQHandler
  190 00000016         TIMER16_0_IRQHandler
  191 00000016         TIMER16_1_IRQHandler
  192 00000016         TIMER32_0_IRQHandler
  193 00000016         TIMER32_1_IRQHandler
  194 00000016         SSP0_IRQHandler
  195 00000016         UART_IRQHandler
  196 00000016         USB_IRQHandler
  197 00000016         USB_FIQHandler
  198 00000016         ADC_IRQHandler
  199 00000016         WDT_IRQHandler
  200 00000016         BOD_IRQHandler
  201 00000016         FMC_IRQHandler
  202 00000016         PIOINT3_IRQHandler
  203 00000016         PIOINT2_IRQHandler
  204 00000016         PIOINT1_IRQHandler
  205 00000016         PIOINT0_IRQHandler
  206 00000016         
  207 00000016 E7FE            B                .
  208 00000018         
  209 00000018                 ENDP
  210 00000018         
  211 00000018         
  212 00000018                 ALIGN
  213 00000018         
  214 00000018         
  215 00000018         ; ”√ªß≥ı ºªØ∂—’ª
  216 00000018         
  217 00000018                 IF               :DEF:__MICROLIB
  218 00000018         
  219 00000018                 EXPORT           __initial_sp
  220 00000018                 EXPORT           __heap_base



ARM Macro Assembler    Page 6 


  221 00000018                 EXPORT           __heap_limit
  222 00000018         
  223 00000018                 ELSE
  237                          ENDIF
  238 00000018         
  239 00000018         
  240 00000018                 END
              00000000 
Command Line: --debug --xref --cpu=Cortex-M0 --apcs=interwork --depend=.\Obj\st
artup_LPC11xx.d -o.\Obj\startup_LPC11xx.o -IC:\Keil\ARM\CMSIS\Include -IC:\Keil
\ARM\INC\NXP\LPC11xx --predefine="__MICROLIB SETA 1" --list=.\Lst\startup_LPC11
xx.lst ..\source\mcu_drive\startup_LPC11xx.s



ARM Macro Assembler    Page 1 Alphabetic symbol ordering
Relocatable symbols

STACK 00000000

Symbol: STACK
   Definitions
      At line 20 in file ..\source\mcu_drive\startup_LPC11xx.s
   Uses
      None
Comment: STACK unused
Stack_Mem 00000000

Symbol: Stack_Mem
   Definitions
      At line 21 in file ..\source\mcu_drive\startup_LPC11xx.s
   Uses
      None
Comment: Stack_Mem unused
__initial_sp 00000200

Symbol: __initial_sp
   Definitions
      At line 22 in file ..\source\mcu_drive\startup_LPC11xx.s
   Uses
      At line 46 in file ..\source\mcu_drive\startup_LPC11xx.s
      At line 219 in file ..\source\mcu_drive\startup_LPC11xx.s

3 symbols



ARM Macro Assembler    Page 1 Alphabetic symbol ordering
Relocatable symbols

HEAP 00000000

Symbol: HEAP
   Definitions
      At line 31 in file ..\source\mcu_drive\startup_LPC11xx.s
   Uses
      None
Comment: HEAP unused
Heap_Mem 00000000

Symbol: Heap_Mem
   Definitions
      At line 33 in file ..\source\mcu_drive\startup_LPC11xx.s
   Uses
      None
Comment: Heap_Mem unused
__heap_base 00000000

Symbol: __heap_base
   Definitions
      At line 32 in file ..\source\mcu_drive\startup_LPC11xx.s
   Uses
      At line 220 in file ..\source\mcu_drive\startup_LPC11xx.s
Comment: __heap_base used once
__heap_limit 00000000

Symbol: __heap_limit
   Definitions
      At line 34 in file ..\source\mcu_drive\startup_LPC11xx.s
   Uses
      At line 221 in file ..\source\mcu_drive\startup_LPC11xx.s
Comment: __heap_limit used once
4 symbols



ARM Macro Assembler    Page 1 Alphabetic symbol ordering
Relocatable symbols

RESET 00000000

Symbol: RESET
   Definitions
      At line 43 in file ..\source\mcu_drive\startup_LPC11xx.s
   Uses
      None
Comment: RESET unused
__Vectors 00000000

Symbol: __Vectors
   Definitions
      At line 46 in file ..\source\mcu_drive\startup_LPC11xx.s
   Uses
      At line 44 in file ..\source\mcu_drive\startup_LPC11xx.s
Comment: __Vectors used once
2 symbols



ARM Macro Assembler    Page 1 Alphabetic symbol ordering
Relocatable symbols

.ARM.__at_0x02FC 00000000

Symbol: .ARM.__at_0x02FC
   Definitions
      At line 99 in file ..\source\mcu_drive\startup_LPC11xx.s
   Uses
      None
Comment: .ARM.__at_0x02FC unused
CRP_Key 00000000

Symbol: CRP_Key
   Definitions
      At line 100 in file ..\source\mcu_drive\startup_LPC11xx.s
   Uses
      None
Comment: CRP_Key unused
2 symbols



ARM Macro Assembler    Page 1 Alphabetic symbol ordering
Relocatable symbols

.text 00000000

Symbol: .text
   Definitions
      At line 104 in file ..\source\mcu_drive\startup_LPC11xx.s
   Uses
      None
Comment: .text unused
ADC_IRQHandler 00000016

Symbol: ADC_IRQHandler
   Definitions
      At line 198 in file ..\source\mcu_drive\startup_LPC11xx.s
   Uses
      At line 88 in file ..\source\mcu_drive\startup_LPC11xx.s
      At line 176 in file ..\source\mcu_drive\startup_LPC11xx.s

BOD_IRQHandler 00000016

Symbol: BOD_IRQHandler
   Definitions
      At line 200 in file ..\source\mcu_drive\startup_LPC11xx.s
   Uses
      At line 90 in file ..\source\mcu_drive\startup_LPC11xx.s
      At line 178 in file ..\source\mcu_drive\startup_LPC11xx.s

BusFault_Handler 0000000A

Symbol: BusFault_Handler
   Definitions
      At line 134 in file ..\source\mcu_drive\startup_LPC11xx.s
   Uses
      At line 51 in file ..\source\mcu_drive\startup_LPC11xx.s
      At line 135 in file ..\source\mcu_drive\startup_LPC11xx.s

CAN_IRQHandler 00000016

Symbol: CAN_IRQHandler
   Definitions
      At line 187 in file ..\source\mcu_drive\startup_LPC11xx.s
   Uses
      At line 77 in file ..\source\mcu_drive\startup_LPC11xx.s
      At line 164 in file ..\source\mcu_drive\startup_LPC11xx.s

DebugMon_Handler 00000010

Symbol: DebugMon_Handler
   Definitions
      At line 148 in file ..\source\mcu_drive\startup_LPC11xx.s
   Uses
      At line 58 in file ..\source\mcu_drive\startup_LPC11xx.s
      At line 149 in file ..\source\mcu_drive\startup_LPC11xx.s

Default_Handler 00000016

Symbol: Default_Handler
   Definitions
      At line 161 in file ..\source\mcu_drive\startup_LPC11xx.s
   Uses



ARM Macro Assembler    Page 2 Alphabetic symbol ordering
Relocatable symbols

      None
Comment: Default_Handler unused
FMC_IRQHandler 00000016

Symbol: FMC_IRQHandler
   Definitions
      At line 201 in file ..\source\mcu_drive\startup_LPC11xx.s
   Uses
      At line 91 in file ..\source\mcu_drive\startup_LPC11xx.s
      At line 179 in file ..\source\mcu_drive\startup_LPC11xx.s

HardFault_Handler 00000006

Symbol: HardFault_Handler
   Definitions
      At line 124 in file ..\source\mcu_drive\startup_LPC11xx.s
   Uses
      At line 49 in file ..\source\mcu_drive\startup_LPC11xx.s
      At line 125 in file ..\source\mcu_drive\startup_LPC11xx.s

I2C_IRQHandler 00000016

Symbol: I2C_IRQHandler
   Definitions
      At line 189 in file ..\source\mcu_drive\startup_LPC11xx.s
   Uses
      At line 79 in file ..\source\mcu_drive\startup_LPC11xx.s
      At line 166 in file ..\source\mcu_drive\startup_LPC11xx.s

MemManage_Handler 00000008

Symbol: MemManage_Handler
   Definitions
      At line 129 in file ..\source\mcu_drive\startup_LPC11xx.s
   Uses
      At line 50 in file ..\source\mcu_drive\startup_LPC11xx.s
      At line 130 in file ..\source\mcu_drive\startup_LPC11xx.s

NMI_Handler 00000004

Symbol: NMI_Handler
   Definitions
      At line 119 in file ..\source\mcu_drive\startup_LPC11xx.s
   Uses
      At line 48 in file ..\source\mcu_drive\startup_LPC11xx.s
      At line 120 in file ..\source\mcu_drive\startup_LPC11xx.s

PIOINT0_IRQHandler 00000016

Symbol: PIOINT0_IRQHandler
   Definitions
      At line 205 in file ..\source\mcu_drive\startup_LPC11xx.s
   Uses
      At line 95 in file ..\source\mcu_drive\startup_LPC11xx.s
      At line 183 in file ..\source\mcu_drive\startup_LPC11xx.s

PIOINT1_IRQHandler 00000016

Symbol: PIOINT1_IRQHandler



ARM Macro Assembler    Page 3 Alphabetic symbol ordering
Relocatable symbols

   Definitions
      At line 204 in file ..\source\mcu_drive\startup_LPC11xx.s
   Uses
      At line 94 in file ..\source\mcu_drive\startup_LPC11xx.s
      At line 182 in file ..\source\mcu_drive\startup_LPC11xx.s

PIOINT2_IRQHandler 00000016

Symbol: PIOINT2_IRQHandler
   Definitions
      At line 203 in file ..\source\mcu_drive\startup_LPC11xx.s
   Uses
      At line 93 in file ..\source\mcu_drive\startup_LPC11xx.s
      At line 181 in file ..\source\mcu_drive\startup_LPC11xx.s

PIOINT3_IRQHandler 00000016

Symbol: PIOINT3_IRQHandler
   Definitions
      At line 202 in file ..\source\mcu_drive\startup_LPC11xx.s
   Uses
      At line 92 in file ..\source\mcu_drive\startup_LPC11xx.s
      At line 180 in file ..\source\mcu_drive\startup_LPC11xx.s

PendSV_Handler 00000012

Symbol: PendSV_Handler
   Definitions
      At line 152 in file ..\source\mcu_drive\startup_LPC11xx.s
   Uses
      At line 60 in file ..\source\mcu_drive\startup_LPC11xx.s
      At line 153 in file ..\source\mcu_drive\startup_LPC11xx.s

Reset_Handler 00000000

Symbol: Reset_Handler
   Definitions
      At line 109 in file ..\source\mcu_drive\startup_LPC11xx.s
   Uses
      At line 47 in file ..\source\mcu_drive\startup_LPC11xx.s
      At line 110 in file ..\source\mcu_drive\startup_LPC11xx.s

SSP0_IRQHandler 00000016

Symbol: SSP0_IRQHandler
   Definitions
      At line 194 in file ..\source\mcu_drive\startup_LPC11xx.s
   Uses
      At line 84 in file ..\source\mcu_drive\startup_LPC11xx.s
      At line 171 in file ..\source\mcu_drive\startup_LPC11xx.s

SSP1_IRQHandler 00000016

Symbol: SSP1_IRQHandler
   Definitions
      At line 188 in file ..\source\mcu_drive\startup_LPC11xx.s
   Uses
      At line 78 in file ..\source\mcu_drive\startup_LPC11xx.s
      At line 165 in file ..\source\mcu_drive\startup_LPC11xx.s



ARM Macro Assembler    Page 4 Alphabetic symbol ordering
Relocatable symbols


SVC_Handler 0000000E

Symbol: SVC_Handler
   Definitions
      At line 143 in file ..\source\mcu_drive\startup_LPC11xx.s
   Uses
      At line 57 in file ..\source\mcu_drive\startup_LPC11xx.s
      At line 144 in file ..\source\mcu_drive\startup_LPC11xx.s

SysTick_Handler 00000014

Symbol: SysTick_Handler
   Definitions
      At line 156 in file ..\source\mcu_drive\startup_LPC11xx.s
   Uses
      At line 61 in file ..\source\mcu_drive\startup_LPC11xx.s
      At line 157 in file ..\source\mcu_drive\startup_LPC11xx.s

TIMER16_0_IRQHandler 00000016

Symbol: TIMER16_0_IRQHandler
   Definitions
      At line 190 in file ..\source\mcu_drive\startup_LPC11xx.s
   Uses
      At line 80 in file ..\source\mcu_drive\startup_LPC11xx.s
      At line 167 in file ..\source\mcu_drive\startup_LPC11xx.s

TIMER16_1_IRQHandler 00000016

Symbol: TIMER16_1_IRQHandler
   Definitions
      At line 191 in file ..\source\mcu_drive\startup_LPC11xx.s
   Uses
      At line 81 in file ..\source\mcu_drive\startup_LPC11xx.s
      At line 168 in file ..\source\mcu_drive\startup_LPC11xx.s

TIMER32_0_IRQHandler 00000016

Symbol: TIMER32_0_IRQHandler
   Definitions
      At line 192 in file ..\source\mcu_drive\startup_LPC11xx.s
   Uses
      At line 82 in file ..\source\mcu_drive\startup_LPC11xx.s
      At line 169 in file ..\source\mcu_drive\startup_LPC11xx.s

TIMER32_1_IRQHandler 00000016

Symbol: TIMER32_1_IRQHandler
   Definitions
      At line 193 in file ..\source\mcu_drive\startup_LPC11xx.s
   Uses
      At line 83 in file ..\source\mcu_drive\startup_LPC11xx.s
      At line 170 in file ..\source\mcu_drive\startup_LPC11xx.s

UART_IRQHandler 00000016

Symbol: UART_IRQHandler
   Definitions



ARM Macro Assembler    Page 5 Alphabetic symbol ordering
Relocatable symbols

      At line 195 in file ..\source\mcu_drive\startup_LPC11xx.s
   Uses
      At line 85 in file ..\source\mcu_drive\startup_LPC11xx.s
      At line 172 in file ..\source\mcu_drive\startup_LPC11xx.s

USB_FIQHandler 00000016

Symbol: USB_FIQHandler
   Definitions
      At line 197 in file ..\source\mcu_drive\startup_LPC11xx.s
   Uses
      At line 87 in file ..\source\mcu_drive\startup_LPC11xx.s
      At line 175 in file ..\source\mcu_drive\startup_LPC11xx.s

USB_IRQHandler 00000016

Symbol: USB_IRQHandler
   Definitions
      At line 196 in file ..\source\mcu_drive\startup_LPC11xx.s
   Uses
      At line 86 in file ..\source\mcu_drive\startup_LPC11xx.s
      At line 174 in file ..\source\mcu_drive\startup_LPC11xx.s

UsageFault_Handler 0000000C

Symbol: UsageFault_Handler
   Definitions
      At line 139 in file ..\source\mcu_drive\startup_LPC11xx.s
   Uses
      At line 52 in file ..\source\mcu_drive\startup_LPC11xx.s
      At line 140 in file ..\source\mcu_drive\startup_LPC11xx.s

WAKEUP_IRQHandler 00000016

Symbol: WAKEUP_IRQHandler
   Definitions
      At line 186 in file ..\source\mcu_drive\startup_LPC11xx.s
   Uses
      At line 64 in file ..\source\mcu_drive\startup_LPC11xx.s
      At line 65 in file ..\source\mcu_drive\startup_LPC11xx.s
      At line 66 in file ..\source\mcu_drive\startup_LPC11xx.s
      At line 67 in file ..\source\mcu_drive\startup_LPC11xx.s
      At line 68 in file ..\source\mcu_drive\startup_LPC11xx.s
      At line 69 in file ..\source\mcu_drive\startup_LPC11xx.s
      At line 70 in file ..\source\mcu_drive\startup_LPC11xx.s
      At line 71 in file ..\source\mcu_drive\startup_LPC11xx.s
      At line 72 in file ..\source\mcu_drive\startup_LPC11xx.s
      At line 73 in file ..\source\mcu_drive\startup_LPC11xx.s
      At line 74 in file ..\source\mcu_drive\startup_LPC11xx.s
      At line 75 in file ..\source\mcu_drive\startup_LPC11xx.s
      At line 76 in file ..\source\mcu_drive\startup_LPC11xx.s
      At line 163 in file ..\source\mcu_drive\startup_LPC11xx.s

WDT_IRQHandler 00000016

Symbol: WDT_IRQHandler
   Definitions
      At line 199 in file ..\source\mcu_drive\startup_LPC11xx.s
   Uses



ARM Macro Assembler    Page 6 Alphabetic symbol ordering
Relocatable symbols

      At line 89 in file ..\source\mcu_drive\startup_LPC11xx.s
      At line 177 in file ..\source\mcu_drive\startup_LPC11xx.s

32 symbols



ARM Macro Assembler    Page 1 Alphabetic symbol ordering
Absolute symbols

Heap_Size 00000000

Symbol: Heap_Size
   Definitions
      At line 29 in file ..\source\mcu_drive\startup_LPC11xx.s
   Uses
      At line 33 in file ..\source\mcu_drive\startup_LPC11xx.s
Comment: Heap_Size used once
Stack_Size 00000200

Symbol: Stack_Size
   Definitions
      At line 18 in file ..\source\mcu_drive\startup_LPC11xx.s
   Uses
      At line 21 in file ..\source\mcu_drive\startup_LPC11xx.s
Comment: Stack_Size used once
2 symbols



ARM Macro Assembler    Page 1 Alphabetic symbol ordering
External symbols

__main 00000000

Symbol: __main
   Definitions
      At line 111 in file ..\source\mcu_drive\startup_LPC11xx.s
   Uses
      At line 112 in file ..\source\mcu_drive\startup_LPC11xx.s
Comment: __main used once
1 symbol
381 symbols in table
